<?xml version="1.0" encoding="UTF-8"?>
<!-- Generated by org.testng.reporters.JUnitReportReporter -->
<testsuite skipped="0" hostname="Priyanka-PC" name="com.FR_hybridframework.testpages.SignIntest" tests="1" failures="0" timestamp="04 May 2020 20:15:45 GMT" time="15.998" errors="0">
  <testcase name="loginTest" time="15.998" classname="com.FR_hybridframework.testpages.SignIntest"/>
</testsuite> <!-- com.FR_hybridframework.testpages.SignIntest -->
