<?xml version="1.0" encoding="UTF-8"?>
<!-- Generated by org.testng.reporters.JUnitReportReporter -->
<testsuite skipped="0" hostname="Priyanka-PC" name="com.FR_hybridframework.testpages.SignOutTest" tests="2" failures="0" timestamp="04 May 2020 20:28:07 GMT" time="16.612" errors="0">
  <testcase name="signoutTest" time="1.503" classname="com.FR_hybridframework.testpages.SignOutTest"/>
  <testcase name="loginTest" time="15.109" classname="com.FR_hybridframework.testpages.SignOutTest"/>
</testsuite> <!-- com.FR_hybridframework.testpages.SignOutTest -->
